f:\legouniverse\imagination-serverrocket\imaginationserver.core\debug\vc140.pdb
f:\legouniverse\imagination-serverrocket\imaginationserver.core\debug\wbitstream.obj
f:\legouniverse\imagination-serverrocket\imaginationserver.core\debug\replicaobject.obj
f:\legouniverse\imagination-serverrocket\imaginationserver.core\debug\replicamember.obj
f:\legouniverse\imagination-serverrocket\imaginationserver.core\debug\baseserver.obj
f:\legouniverse\imagination-serverrocket\imaginationserver.core\debug\assemblyinfo.obj
f:\legouniverse\imagination-serverrocket\imaginationserver.core\debug\.netframework,version=v4.6.assemblyattributes.obj
f:\legouniverse\imagination-serverrocket\imaginationserver.core\debug\.netframework,version=v4.6.assemblyattributes.asm
f:\legouniverse\imagination-serverrocket\debug\imaginationserver.core.dll
f:\legouniverse\imagination-serverrocket\debug\imaginationserver.core.pdb
f:\legouniverse\imagination-serverrocket\imaginationserver.core\debug\app.res
f:\legouniverse\imagination-serverrocket\imaginationserver.core\debug\imaginationserver.core.vcxprojassemblyreference.cache
f:\legouniverse\imagination-serverrocket\imaginationserver.core\debug\imaginat.b556a656.tlog\cl.command.1.tlog
f:\legouniverse\imagination-serverrocket\imaginationserver.core\debug\imaginat.b556a656.tlog\cl.read.1.tlog
f:\legouniverse\imagination-serverrocket\imaginationserver.core\debug\imaginat.b556a656.tlog\cl.write.1.tlog
f:\legouniverse\imagination-serverrocket\imaginationserver.core\debug\imaginat.b556a656.tlog\link.command.1.tlog
f:\legouniverse\imagination-serverrocket\imaginationserver.core\debug\imaginat.b556a656.tlog\link.read.1.tlog
f:\legouniverse\imagination-serverrocket\imaginationserver.core\debug\imaginat.b556a656.tlog\link.write.1.tlog
f:\legouniverse\imagination-serverrocket\imaginationserver.core\debug\imaginat.b556a656.tlog\metagen.read.1.tlog
f:\legouniverse\imagination-serverrocket\imaginationserver.core\debug\imaginat.b556a656.tlog\metagen.write.1.tlog
f:\legouniverse\imagination-serverrocket\imaginationserver.core\debug\imaginat.b556a656.tlog\rc.command.1.tlog
f:\legouniverse\imagination-serverrocket\imaginationserver.core\debug\imaginat.b556a656.tlog\rc.read.1.tlog
f:\legouniverse\imagination-serverrocket\imaginationserver.core\debug\imaginat.b556a656.tlog\rc.write.1.tlog
f:\legouniverse\imagination-serverrocket\imaginationserver.core\debug\imaginat.b556a656.tlog\clui.dll.bi
