C:\Program Files (x86)\Microsoft Visual Studio\2017\Enterprise\MSBuild\15.0\Bin\Microsoft.Common.CurrentVersion.targets(2110,5): warning MSB3245: Could not resolve this reference. Could not locate the assembly "StackExchange.Redis.Extensions.Core". Check to make sure the assembly exists on disk. If this reference is required by your code, you may get compilation errors.
  Stdafx.cpp
  AssemblyInfo.cpp
  ImaginationServer.World.Packets.cpp
  Generating Code...
  .NETFramework,Version=v4.6.AssemblyAttributes.cpp
RakNetLibStaticDebug.lib(BitStream.obj) : warning LNK4075: ignoring '/EDITANDCONTINUE' due to '/OPT:LBR' specification
RakNetLibStaticDebug.lib(BitStream.obj) : warning LNK4099: PDB 'RakNetLibStaticDebug.pdb' was not found with 'RakNetLibStaticDebug.lib(BitStream.obj)' or at 'F:\LegoUniverse\Imagination-ServerRocket\Debug\RakNetLibStaticDebug.pdb'; linking object as if no debug info
RakNetLibStaticDebug.lib(CheckSum.obj) : warning LNK4099: PDB 'RakNetLibStaticDebug.pdb' was not found with 'RakNetLibStaticDebug.lib(CheckSum.obj)' or at 'F:\LegoUniverse\Imagination-ServerRocket\Debug\RakNetLibStaticDebug.pdb'; linking object as if no debug info
RakNetLibStaticDebug.lib(DataBlockEncryptor.obj) : warning LNK4099: PDB 'RakNetLibStaticDebug.pdb' was not found with 'RakNetLibStaticDebug.lib(DataBlockEncryptor.obj)' or at 'F:\LegoUniverse\Imagination-ServerRocket\Debug\RakNetLibStaticDebug.pdb'; linking object as if no debug info
RakNetLibStaticDebug.lib(DS_HuffmanEncodingTree.obj) : warning LNK4099: PDB 'RakNetLibStaticDebug.pdb' was not found with 'RakNetLibStaticDebug.lib(DS_HuffmanEncodingTree.obj)' or at 'F:\LegoUniverse\Imagination-ServerRocket\Debug\RakNetLibStaticDebug.pdb'; linking object as if no debug info
RakNetLibStaticDebug.lib(GetTime.obj) : warning LNK4099: PDB 'RakNetLibStaticDebug.pdb' was not found with 'RakNetLibStaticDebug.lib(GetTime.obj)' or at 'F:\LegoUniverse\Imagination-ServerRocket\Debug\RakNetLibStaticDebug.pdb'; linking object as if no debug info
RakNetLibStaticDebug.lib(Itoa.obj) : warning LNK4099: PDB 'RakNetLibStaticDebug.pdb' was not found with 'RakNetLibStaticDebug.lib(Itoa.obj)' or at 'F:\LegoUniverse\Imagination-ServerRocket\Debug\RakNetLibStaticDebug.pdb'; linking object as if no debug info
RakNetLibStaticDebug.lib(NetworkIDManager.obj) : warning LNK4099: PDB 'RakNetLibStaticDebug.pdb' was not found with 'RakNetLibStaticDebug.lib(NetworkIDManager.obj)' or at 'F:\LegoUniverse\Imagination-ServerRocket\Debug\RakNetLibStaticDebug.pdb'; linking object as if no debug info
RakNetLibStaticDebug.lib(RakMemoryOverride.obj) : warning LNK4099: PDB 'RakNetLibStaticDebug.pdb' was not found with 'RakNetLibStaticDebug.lib(RakMemoryOverride.obj)' or at 'F:\LegoUniverse\Imagination-ServerRocket\Debug\RakNetLibStaticDebug.pdb'; linking object as if no debug info
RakNetLibStaticDebug.lib(RakNetTypes.obj) : warning LNK4099: PDB 'RakNetLibStaticDebug.pdb' was not found with 'RakNetLibStaticDebug.lib(RakNetTypes.obj)' or at 'F:\LegoUniverse\Imagination-ServerRocket\Debug\RakNetLibStaticDebug.pdb'; linking object as if no debug info
RakNetLibStaticDebug.lib(RakPeer.obj) : warning LNK4099: PDB 'RakNetLibStaticDebug.pdb' was not found with 'RakNetLibStaticDebug.lib(RakPeer.obj)' or at 'F:\LegoUniverse\Imagination-ServerRocket\Debug\RakNetLibStaticDebug.pdb'; linking object as if no debug info
RakNetLibStaticDebug.lib(RakSleep.obj) : warning LNK4099: PDB 'RakNetLibStaticDebug.pdb' was not found with 'RakNetLibStaticDebug.lib(RakSleep.obj)' or at 'F:\LegoUniverse\Imagination-ServerRocket\Debug\RakNetLibStaticDebug.pdb'; linking object as if no debug info
RakNetLibStaticDebug.lib(RakString.obj) : warning LNK4099: PDB 'RakNetLibStaticDebug.pdb' was not found with 'RakNetLibStaticDebug.lib(RakString.obj)' or at 'F:\LegoUniverse\Imagination-ServerRocket\Debug\RakNetLibStaticDebug.pdb'; linking object as if no debug info
RakNetLibStaticDebug.lib(RakThread.obj) : warning LNK4099: PDB 'RakNetLibStaticDebug.pdb' was not found with 'RakNetLibStaticDebug.lib(RakThread.obj)' or at 'F:\LegoUniverse\Imagination-ServerRocket\Debug\RakNetLibStaticDebug.pdb'; linking object as if no debug info
RakNetLibStaticDebug.lib(Rand.obj) : warning LNK4099: PDB 'RakNetLibStaticDebug.pdb' was not found with 'RakNetLibStaticDebug.lib(Rand.obj)' or at 'F:\LegoUniverse\Imagination-ServerRocket\Debug\RakNetLibStaticDebug.pdb'; linking object as if no debug info
RakNetLibStaticDebug.lib(ReliabilityLayer.obj) : warning LNK4099: PDB 'RakNetLibStaticDebug.pdb' was not found with 'RakNetLibStaticDebug.lib(ReliabilityLayer.obj)' or at 'F:\LegoUniverse\Imagination-ServerRocket\Debug\RakNetLibStaticDebug.pdb'; linking object as if no debug info
RakNetLibStaticDebug.lib(rijndael.obj) : warning LNK4099: PDB 'RakNetLibStaticDebug.pdb' was not found with 'RakNetLibStaticDebug.lib(rijndael.obj)' or at 'F:\LegoUniverse\Imagination-ServerRocket\Debug\RakNetLibStaticDebug.pdb'; linking object as if no debug info
RakNetLibStaticDebug.lib(RPCMap.obj) : warning LNK4099: PDB 'RakNetLibStaticDebug.pdb' was not found with 'RakNetLibStaticDebug.lib(RPCMap.obj)' or at 'F:\LegoUniverse\Imagination-ServerRocket\Debug\RakNetLibStaticDebug.pdb'; linking object as if no debug info
RakNetLibStaticDebug.lib(SHA1.obj) : warning LNK4099: PDB 'RakNetLibStaticDebug.pdb' was not found with 'RakNetLibStaticDebug.lib(SHA1.obj)' or at 'F:\LegoUniverse\Imagination-ServerRocket\Debug\RakNetLibStaticDebug.pdb'; linking object as if no debug info
RakNetLibStaticDebug.lib(SimpleMutex.obj) : warning LNK4099: PDB 'RakNetLibStaticDebug.pdb' was not found with 'RakNetLibStaticDebug.lib(SimpleMutex.obj)' or at 'F:\LegoUniverse\Imagination-ServerRocket\Debug\RakNetLibStaticDebug.pdb'; linking object as if no debug info
RakNetLibStaticDebug.lib(SocketLayer.obj) : warning LNK4099: PDB 'RakNetLibStaticDebug.pdb' was not found with 'RakNetLibStaticDebug.lib(SocketLayer.obj)' or at 'F:\LegoUniverse\Imagination-ServerRocket\Debug\RakNetLibStaticDebug.pdb'; linking object as if no debug info
RakNetLibStaticDebug.lib(StringCompressor.obj) : warning LNK4099: PDB 'RakNetLibStaticDebug.pdb' was not found with 'RakNetLibStaticDebug.lib(StringCompressor.obj)' or at 'F:\LegoUniverse\Imagination-ServerRocket\Debug\RakNetLibStaticDebug.pdb'; linking object as if no debug info
RakNetLibStaticDebug.lib(StringTable.obj) : warning LNK4099: PDB 'RakNetLibStaticDebug.pdb' was not found with 'RakNetLibStaticDebug.lib(StringTable.obj)' or at 'F:\LegoUniverse\Imagination-ServerRocket\Debug\RakNetLibStaticDebug.pdb'; linking object as if no debug info
  ImaginationServer.World.Packets.vcxproj -> F:\LegoUniverse\Imagination-ServerRocket\Debug\ImaginationServer.World.Packets.dll
  ImaginationServer.World.Packets.vcxproj -> F:\LegoUniverse\Imagination-ServerRocket\Debug\ImaginationServer.World.Packets.pdb (Full PDB)
